<?xml version="1.0" encoding="UTF-8"?>
<!-- Generated by org.testng.reporters.JUnitXMLReporter -->
<testsuite hostname="DESKTOP-DUJQVMI" failures="0" tests="3" name="Default test" time="16.653" errors="0" timestamp="19 Jun 2019 21:30:16 GMT">
  <testcase classname="ca.haritagandhi.MavenTest.testcases.RegisterPageTest" name="testWarningMsg" time="1.076"/>
  <testcase classname="ca.haritagandhi.MavenTest.testcases.RegisterPageTest" name="testGetRegisterPageTitle" time="0.008"/>
  <testcase classname="ca.haritagandhi.MavenTest.testcases.RegisterPageTest" name="testPageTitle" time="1.033"/>
</testsuite> <!-- Default test -->
